<?xml version="1.0" encoding="UTF-8"?>
<!-- Generated by org.testng.reporters.JUnitXMLReporter -->
<testsuite ignored="1" hostname="DESKTOP-B7LR8B2" failures="0" tests="1" name="MicrosoftEdgeTest" time="0.046" errors="0" timestamp="2023-02-06T23:14:51 IST">
  <testcase classname="TestNG.TestNgClass_Spotify" name="@BeforeTest launchTheBrowser" time="0.008">
    <failure type="java.lang.IllegalStateException" message="The path to the driver executable must be set by the webdriver.edge.driver system property; for more information, see https://github.com/SeleniumHQ/selenium/wiki/MicrosoftWebDriver. The latest version can be downloaded from http://go.microsoft.com/fwlink/?LinkId=619687">
      <![CDATA[java.lang.IllegalStateException: The path to the driver executable must be set by the webdriver.edge.driver system property; for more information, see https://github.com/SeleniumHQ/selenium/wiki/MicrosoftWebDriver. The latest version can be downloaded from http://go.microsoft.com/fwlink/?LinkId=619687
at com.google.common.base.Preconditions.checkState(Preconditions.java:847)
at org.openqa.selenium.remote.service.DriverService.findExecutable(DriverService.java:134)
at org.openqa.selenium.edge.EdgeDriverService.access$000(EdgeDriverService.java:37)
at org.openqa.selenium.edge.EdgeDriverService$Builder.findDefaultExecutable(EdgeDriverService.java:90)
at org.openqa.selenium.remote.service.DriverService$Builder.build(DriverService.java:355)
at org.openqa.selenium.edge.EdgeDriverService.createDefaultService(EdgeDriverService.java:70)
at org.openqa.selenium.edge.EdgeDriver.<init>(EdgeDriver.java:96)
at TestNG.TestNgClass_Spotify.launchTheBrowser(TestNgClass_Spotify.java:70)
... Removed 22 stack frames]]>
    </failure>
  </testcase> <!-- @BeforeTest launchTheBrowser -->
  <testcase classname="TestNG.TestNgClass_Spotify" name="@BeforeClass createPOMObjects" time="-1.675705491713E9">
    <skipped/>
  </testcase> <!-- @BeforeClass createPOMObjects -->
  <testcase classname="TestNG.TestNgClass_Spotify" name="@BeforeMethod GoToLoginPage" time="-1.675705491719E9">
    <skipped/>
  </testcase> <!-- @BeforeMethod GoToLoginPage -->
  <testcase classname="TestNG.TestNgClass_Spotify" name="@AfterMethod goToLogOut" time="-1.675705491724E9">
    <skipped/>
  </testcase> <!-- @AfterMethod goToLogOut -->
  <testcase classname="TestNG.TestNgClass_Spotify" name="@AfterClass clearPOMObjects" time="-1.675705491726E9">
    <skipped/>
  </testcase> <!-- @AfterClass clearPOMObjects -->
  <testcase classname="TestNG.TestNgClass_Spotify" name="@AfterTest closeBrowser" time="-1.67570549174E9">
    <skipped/>
  </testcase> <!-- @AfterTest closeBrowser -->
  <testcase classname="TestNG.TestNgClass_Spotify" name="verifyPlaySong" time="0.0">
    <skipped/>
  </testcase> <!-- verifyPlaySong -->
  <testcase classname="TestNG.TestNgClass_Spotify" name="verifyListenPodcast" time="0.0">
    <ignored/>
  </testcase> <!-- verifyListenPodcast -->
</testsuite> <!-- MicrosoftEdgeTest -->
