<?xml version="1.0" encoding="UTF-8"?>
<!-- Generated by org.testng.reporters.JUnitXMLReporter -->
<testsuite ignored="1" hostname="DESKTOP-B7LR8B2" failures="0" tests="1" name="Test1" time="40.565" errors="0" timestamp="2023-02-06T00:17:06 IST">
  <testcase classname="TestNG.TestNgClass_Spotify" name="verifyListenPodcast" time="16.326"/>
  <testcase classname="TestNG.TestNgClass_Spotify" name="verifyPlaySong" time="0.0">
    <ignored/>
  </testcase> <!-- verifyPlaySong -->
</testsuite> <!-- Test1 -->
