<?xml version="1.0" encoding="UTF-8"?>
<testng-results ignored="0" total="4" passed="3" failed="1" skipped="0">
  <reporter-output>
  </reporter-output>
  <suite started-at="2023-02-20T11:11:16 IST" name="Spotify123" finished-at="2023-02-20T11:13:37 IST" duration-ms="140905">
    <groups>
    </groups>
    <test started-at="2023-02-20T11:11:16 IST" name="ChromeTest" finished-at="2023-02-20T11:12:25 IST" duration-ms="68550">
      <class name="TestNG.TestNgClass_Spotify">
        <test-method is-config="true" signature="launchTheBrowser(java.lang.String)[pri:0, instance:TestNG.TestNgClass_Spotify@c267ef4]" started-at="2023-02-20T11:11:16 IST" name="launchTheBrowser" finished-at="2023-02-20T11:11:20 IST" duration-ms="3924" status="PASS">
          <params>
            <param index="0">
              <value>
                <![CDATA[Chrome]]>
              </value>
            </param>
          </params>
          <reporter-output>
          </reporter-output>
        </test-method> <!-- launchTheBrowser -->
        <test-method is-config="true" signature="createPOMObjects()[pri:0, instance:TestNG.TestNgClass_Spotify@c267ef4]" started-at="2023-02-20T11:11:21 IST" name="createPOMObjects" finished-at="2023-02-20T11:11:21 IST" duration-ms="67" status="PASS">
          <reporter-output>
          </reporter-output>
        </test-method> <!-- createPOMObjects -->
        <test-method is-config="true" signature="GoToLoginPage()[pri:0, instance:TestNG.TestNgClass_Spotify@c267ef4]" started-at="2023-02-20T11:11:21 IST" name="GoToLoginPage" finished-at="2023-02-20T11:11:43 IST" duration-ms="21508" status="PASS">
          <reporter-output>
          </reporter-output>
        </test-method> <!-- GoToLoginPage -->
        <test-method signature="verifyPlaySong()[pri:0, instance:TestNG.TestNgClass_Spotify@c267ef4]" started-at="2023-02-20T11:11:43 IST" name="verifyPlaySong" finished-at="2023-02-20T11:11:56 IST" duration-ms="13303" status="PASS">
          <reporter-output>
          </reporter-output>
        </test-method> <!-- verifyPlaySong -->
        <test-method is-config="true" signature="goToLogOut(org.testng.ITestResult)[pri:0, instance:TestNG.TestNgClass_Spotify@c267ef4]" started-at="2023-02-20T11:11:56 IST" name="goToLogOut" finished-at="2023-02-20T11:12:04 IST" duration-ms="7470" status="PASS">
          <params>
            <param index="0">
              <value>
                <![CDATA[[TestResult name=verifyPlaySong status=SUCCESS method=TestNgClass_Spotify.verifyPlaySong()[pri:0, instance:TestNG.TestNgClass_Spotify@c267ef4] output={null}]]]>
              </value>
            </param>
          </params>
          <reporter-output>
          </reporter-output>
        </test-method> <!-- goToLogOut -->
        <test-method is-config="true" signature="clearPOMObjects()[pri:0, instance:TestNG.TestNgClass_Spotify@c267ef4]" started-at="2023-02-20T11:12:04 IST" name="clearPOMObjects" finished-at="2023-02-20T11:12:04 IST" duration-ms="0" status="PASS">
          <reporter-output>
          </reporter-output>
        </test-method> <!-- clearPOMObjects -->
        <test-method is-config="true" signature="closeBrowser()[pri:0, instance:TestNG.TestNgClass_Spotify@c267ef4]" started-at="2023-02-20T11:12:24 IST" name="closeBrowser" finished-at="2023-02-20T11:12:24 IST" duration-ms="414" status="PASS">
          <reporter-output>
          </reporter-output>
        </test-method> <!-- closeBrowser -->
      </class> <!-- TestNG.TestNgClass_Spotify -->
      <class name="TestNG.TestNgClass_Spotify2">
        <test-method is-config="true" signature="launchTheBrowser(java.lang.String)[pri:0, instance:TestNG.TestNgClass_Spotify2@3f197a46]" started-at="2023-02-20T11:11:20 IST" name="launchTheBrowser" finished-at="2023-02-20T11:11:21 IST" duration-ms="1078" status="PASS">
          <params>
            <param index="0">
              <value>
                <![CDATA[Chrome]]>
              </value>
            </param>
          </params>
          <reporter-output>
          </reporter-output>
        </test-method> <!-- launchTheBrowser -->
        <test-method is-config="true" signature="createPOMObjects()[pri:0, instance:TestNG.TestNgClass_Spotify2@3f197a46]" started-at="2023-02-20T11:11:21 IST" name="createPOMObjects" finished-at="2023-02-20T11:11:21 IST" duration-ms="67" status="PASS">
          <reporter-output>
          </reporter-output>
        </test-method> <!-- createPOMObjects -->
        <test-method is-config="true" signature="GoToLoginPage()[pri:0, instance:TestNG.TestNgClass_Spotify2@3f197a46]" started-at="2023-02-20T11:11:21 IST" name="GoToLoginPage" finished-at="2023-02-20T11:11:42 IST" duration-ms="21088" status="PASS">
          <reporter-output>
          </reporter-output>
        </test-method> <!-- GoToLoginPage -->
        <test-method signature="verifyListenPodcast()[pri:1, instance:TestNG.TestNgClass_Spotify2@3f197a46]" started-at="2023-02-20T11:11:42 IST" name="verifyListenPodcast" finished-at="2023-02-20T11:12:16 IST" duration-ms="33994" status="PASS">
          <reporter-output>
          </reporter-output>
        </test-method> <!-- verifyListenPodcast -->
        <test-method is-config="true" signature="goToLogOut(org.testng.ITestResult)[pri:0, instance:TestNG.TestNgClass_Spotify2@3f197a46]" started-at="2023-02-20T11:12:16 IST" name="goToLogOut" finished-at="2023-02-20T11:12:24 IST" duration-ms="7497" status="PASS">
          <params>
            <param index="0">
              <value>
                <![CDATA[[TestResult name=verifyListenPodcast status=SUCCESS method=TestNgClass_Spotify2.verifyListenPodcast()[pri:1, instance:TestNG.TestNgClass_Spotify2@3f197a46] output={null}]]]>
              </value>
            </param>
          </params>
          <reporter-output>
          </reporter-output>
        </test-method> <!-- goToLogOut -->
        <test-method is-config="true" signature="clearPOMObjects()[pri:0, instance:TestNG.TestNgClass_Spotify2@3f197a46]" started-at="2023-02-20T11:12:24 IST" name="clearPOMObjects" finished-at="2023-02-20T11:12:24 IST" duration-ms="0" status="PASS">
          <reporter-output>
          </reporter-output>
        </test-method> <!-- clearPOMObjects -->
        <test-method is-config="true" signature="closeBrowser()[pri:0, instance:TestNG.TestNgClass_Spotify2@3f197a46]" started-at="2023-02-20T11:12:24 IST" name="closeBrowser" finished-at="2023-02-20T11:12:25 IST" duration-ms="409" status="PASS">
          <reporter-output>
          </reporter-output>
        </test-method> <!-- closeBrowser -->
      </class> <!-- TestNG.TestNgClass_Spotify2 -->
    </test> <!-- ChromeTest -->
    <test started-at="2023-02-20T11:12:25 IST" name="FirefoxTest" finished-at="2023-02-20T11:13:37 IST" duration-ms="72301">
      <class name="TestNG.TestNgClass_Spotify">
        <test-method is-config="true" signature="beforeSuite()[pri:0, instance:TestNG.TestNgClass_Spotify@43195e57]" started-at="2023-02-20T11:11:16 IST" name="beforeSuite" finished-at="2023-02-20T11:11:16 IST" duration-ms="20" status="PASS">
          <reporter-output>
          </reporter-output>
        </test-method> <!-- beforeSuite -->
        <test-method is-config="true" signature="launchTheBrowser(java.lang.String)[pri:0, instance:TestNG.TestNgClass_Spotify@43195e57]" started-at="2023-02-20T11:12:25 IST" name="launchTheBrowser" finished-at="2023-02-20T11:12:29 IST" duration-ms="4558" status="PASS">
          <params>
            <param index="0">
              <value>
                <![CDATA[Firefox]]>
              </value>
            </param>
          </params>
          <reporter-output>
          </reporter-output>
        </test-method> <!-- launchTheBrowser -->
        <test-method is-config="true" signature="createPOMObjects()[pri:0, instance:TestNG.TestNgClass_Spotify@43195e57]" started-at="2023-02-20T11:12:33 IST" name="createPOMObjects" finished-at="2023-02-20T11:12:33 IST" duration-ms="2" status="PASS">
          <reporter-output>
          </reporter-output>
        </test-method> <!-- createPOMObjects -->
        <test-method is-config="true" signature="GoToLoginPage()[pri:0, instance:TestNG.TestNgClass_Spotify@43195e57]" started-at="2023-02-20T11:12:33 IST" name="GoToLoginPage" finished-at="2023-02-20T11:12:52 IST" duration-ms="18579" status="PASS">
          <reporter-output>
          </reporter-output>
        </test-method> <!-- GoToLoginPage -->
        <test-method signature="verifyPlaySong()[pri:0, instance:TestNG.TestNgClass_Spotify@43195e57]" started-at="2023-02-20T11:12:52 IST" name="verifyPlaySong" finished-at="2023-02-20T11:13:04 IST" duration-ms="12606" status="PASS">
          <reporter-output>
          </reporter-output>
        </test-method> <!-- verifyPlaySong -->
        <test-method is-config="true" signature="goToLogOut(org.testng.ITestResult)[pri:0, instance:TestNG.TestNgClass_Spotify@43195e57]" started-at="2023-02-20T11:13:04 IST" name="goToLogOut" finished-at="2023-02-20T11:13:12 IST" duration-ms="7563" status="PASS">
          <params>
            <param index="0">
              <value>
                <![CDATA[[TestResult name=verifyPlaySong status=SUCCESS method=TestNgClass_Spotify.verifyPlaySong()[pri:0, instance:TestNG.TestNgClass_Spotify@43195e57] output={null}]]]>
              </value>
            </param>
          </params>
          <reporter-output>
          </reporter-output>
        </test-method> <!-- goToLogOut -->
        <test-method is-config="true" signature="clearPOMObjects()[pri:0, instance:TestNG.TestNgClass_Spotify@43195e57]" started-at="2023-02-20T11:13:12 IST" name="clearPOMObjects" finished-at="2023-02-20T11:13:12 IST" duration-ms="0" status="PASS">
          <reporter-output>
          </reporter-output>
        </test-method> <!-- clearPOMObjects -->
        <test-method is-config="true" signature="closeBrowser()[pri:0, instance:TestNG.TestNgClass_Spotify@43195e57]" started-at="2023-02-20T11:13:31 IST" name="closeBrowser" finished-at="2023-02-20T11:13:35 IST" duration-ms="3949" status="PASS">
          <reporter-output>
          </reporter-output>
        </test-method> <!-- closeBrowser -->
        <test-method is-config="true" signature="afterSuite()[pri:0, instance:TestNG.TestNgClass_Spotify@43195e57]" started-at="2023-02-20T11:13:37 IST" name="afterSuite" finished-at="2023-02-20T11:13:37 IST" duration-ms="1" status="PASS">
          <reporter-output>
          </reporter-output>
        </test-method> <!-- afterSuite -->
      </class> <!-- TestNG.TestNgClass_Spotify -->
      <class name="TestNG.TestNgClass_Spotify2">
        <test-method is-config="true" signature="beforeSuite()[pri:0, instance:TestNG.TestNgClass_Spotify2@333291e3]" started-at="2023-02-20T11:11:16 IST" name="beforeSuite" finished-at="2023-02-20T11:11:16 IST" duration-ms="11" status="PASS">
          <reporter-output>
          </reporter-output>
        </test-method> <!-- beforeSuite -->
        <test-method is-config="true" signature="launchTheBrowser(java.lang.String)[pri:0, instance:TestNG.TestNgClass_Spotify2@333291e3]" started-at="2023-02-20T11:12:29 IST" name="launchTheBrowser" finished-at="2023-02-20T11:12:33 IST" duration-ms="3640" status="PASS">
          <params>
            <param index="0">
              <value>
                <![CDATA[Firefox]]>
              </value>
            </param>
          </params>
          <reporter-output>
          </reporter-output>
        </test-method> <!-- launchTheBrowser -->
        <test-method is-config="true" signature="createPOMObjects()[pri:0, instance:TestNG.TestNgClass_Spotify2@333291e3]" started-at="2023-02-20T11:12:33 IST" name="createPOMObjects" finished-at="2023-02-20T11:12:33 IST" duration-ms="1" status="PASS">
          <reporter-output>
          </reporter-output>
        </test-method> <!-- createPOMObjects -->
        <test-method is-config="true" signature="GoToLoginPage()[pri:0, instance:TestNG.TestNgClass_Spotify2@333291e3]" started-at="2023-02-20T11:12:33 IST" name="GoToLoginPage" finished-at="2023-02-20T11:12:52 IST" duration-ms="19016" status="PASS">
          <reporter-output>
          </reporter-output>
        </test-method> <!-- GoToLoginPage -->
        <test-method signature="verifyListenPodcast()[pri:1, instance:TestNG.TestNgClass_Spotify2@333291e3]" started-at="2023-02-20T11:12:52 IST" name="verifyListenPodcast" finished-at="2023-02-20T11:13:23 IST" duration-ms="30749" status="FAIL">
          <exception class="org.openqa.selenium.interactions.MoveTargetOutOfBoundsException">
            <message>
              <![CDATA[(425, 713) is out of bounds of viewport width (1366) and height (603)
Build info: version: '3.141.59', revision: 'e82be7d358', time: '2018-11-14T08:17:03'
System info: host: 'DESKTOP-B7LR8B2', ip: '192.168.43.38', os.name: 'Windows 10', os.arch: 'amd64', os.version: '10.0', java.version: '18.0.2.1'
Driver info: org.openqa.selenium.firefox.FirefoxDriver
Capabilities {acceptInsecureCerts: true, browserName: firefox, browserVersion: 110.0, javascriptEnabled: true, moz:accessibilityChecks: false, moz:buildID: 20230214051806, moz:geckodriverVersion: 0.32.1, moz:headless: false, moz:platformVersion: 10.0, moz:processID: 4540, moz:profile: C:\Users\admin\AppData\Loca..., moz:shutdownTimeout: 60000, moz:useNonSpecCompliantPointerOrigin: false, moz:webdriverClick: true, moz:windowless: false, pageLoadStrategy: normal, platform: WINDOWS, platformName: WINDOWS, proxy: Proxy(), setWindowRect: true, strictFileInteractability: false, timeouts: {implicit: 0, pageLoad: 300000, script: 30000}, unhandledPromptBehavior: dismiss and notify}
Session ID: 77546d20-a47a-46bc-9096-6f2d2fb78302]]>
            </message>
            <full-stacktrace>
              <![CDATA[org.openqa.selenium.interactions.MoveTargetOutOfBoundsException: (425, 713) is out of bounds of viewport width (1366) and height (603)
Build info: version: '3.141.59', revision: 'e82be7d358', time: '2018-11-14T08:17:03'
System info: host: 'DESKTOP-B7LR8B2', ip: '192.168.43.38', os.name: 'Windows 10', os.arch: 'amd64', os.version: '10.0', java.version: '18.0.2.1'
Driver info: org.openqa.selenium.firefox.FirefoxDriver
Capabilities {acceptInsecureCerts: true, browserName: firefox, browserVersion: 110.0, javascriptEnabled: true, moz:accessibilityChecks: false, moz:buildID: 20230214051806, moz:geckodriverVersion: 0.32.1, moz:headless: false, moz:platformVersion: 10.0, moz:processID: 4540, moz:profile: C:\Users\admin\AppData\Loca..., moz:shutdownTimeout: 60000, moz:useNonSpecCompliantPointerOrigin: false, moz:webdriverClick: true, moz:windowless: false, pageLoadStrategy: normal, platform: WINDOWS, platformName: WINDOWS, proxy: Proxy(), setWindowRect: true, strictFileInteractability: false, timeouts: {implicit: 0, pageLoad: 300000, script: 30000}, unhandledPromptBehavior: dismiss and notify}
Session ID: 77546d20-a47a-46bc-9096-6f2d2fb78302
at java.base/jdk.internal.reflect.DirectConstructorHandleAccessor.newInstance(DirectConstructorHandleAccessor.java:67)
at java.base/java.lang.reflect.Constructor.newInstanceWithCaller(Constructor.java:499)
at java.base/java.lang.reflect.Constructor.newInstance(Constructor.java:483)
at org.openqa.selenium.remote.http.W3CHttpResponseCodec.createException(W3CHttpResponseCodec.java:187)
at org.openqa.selenium.remote.http.W3CHttpResponseCodec.decode(W3CHttpResponseCodec.java:122)
at org.openqa.selenium.remote.http.W3CHttpResponseCodec.decode(W3CHttpResponseCodec.java:49)
at org.openqa.selenium.remote.HttpCommandExecutor.execute(HttpCommandExecutor.java:158)
at org.openqa.selenium.remote.service.DriverCommandExecutor.execute(DriverCommandExecutor.java:83)
at org.openqa.selenium.remote.RemoteWebDriver.execute(RemoteWebDriver.java:552)
at org.openqa.selenium.remote.RemoteWebDriver.perform(RemoteWebDriver.java:618)
at org.openqa.selenium.interactions.Actions$BuiltAction.perform(Actions.java:639)
at org.openqa.selenium.interactions.Actions.perform(Actions.java:595)
at PomClass2.SpotifyTrueCrimePage.clickOnPlayPodcastEp(SpotifyTrueCrimePage.java:41)
at TestNG.TestNgClass_Spotify2.verifyListenPodcast(TestNgClass_Spotify2.java:157)
at java.base/jdk.internal.reflect.DirectMethodHandleAccessor.invoke(DirectMethodHandleAccessor.java:104)
at java.base/java.lang.reflect.Method.invoke(Method.java:577)
at org.testng.internal.MethodInvocationHelper.invokeMethod(MethodInvocationHelper.java:133)
at org.testng.internal.TestInvoker.invokeMethod(TestInvoker.java:598)
at org.testng.internal.TestInvoker.invokeTestMethod(TestInvoker.java:173)
at org.testng.internal.MethodRunner.runInSequence(MethodRunner.java:46)
at org.testng.internal.TestInvoker$MethodInvocationAgent.invoke(TestInvoker.java:824)
at org.testng.internal.TestInvoker.invokeTestMethods(TestInvoker.java:146)
at org.testng.internal.TestMethodWorker.invokeTestMethods(TestMethodWorker.java:146)
at org.testng.internal.TestMethodWorker.run(TestMethodWorker.java:128)
at java.base/java.util.concurrent.ThreadPoolExecutor.runWorker(ThreadPoolExecutor.java:1136)
at java.base/java.util.concurrent.ThreadPoolExecutor$Worker.run(ThreadPoolExecutor.java:635)
at java.base/java.lang.Thread.run(Thread.java:833)
]]>
            </full-stacktrace>
          </exception> <!-- org.openqa.selenium.interactions.MoveTargetOutOfBoundsException -->
          <reporter-output>
          </reporter-output>
        </test-method> <!-- verifyListenPodcast -->
        <test-method is-config="true" signature="goToLogOut(org.testng.ITestResult)[pri:0, instance:TestNG.TestNgClass_Spotify2@333291e3]" started-at="2023-02-20T11:13:23 IST" name="goToLogOut" finished-at="2023-02-20T11:13:31 IST" duration-ms="8027" status="PASS">
          <params>
            <param index="0">
              <value>
                <![CDATA[[TestResult name=verifyListenPodcast status=FAILURE method=TestNgClass_Spotify2.verifyListenPodcast()[pri:1, instance:TestNG.TestNgClass_Spotify2@333291e3] output={null}]]]>
              </value>
            </param>
          </params>
          <reporter-output>
          </reporter-output>
        </test-method> <!-- goToLogOut -->
        <test-method is-config="true" signature="clearPOMObjects()[pri:0, instance:TestNG.TestNgClass_Spotify2@333291e3]" started-at="2023-02-20T11:13:31 IST" name="clearPOMObjects" finished-at="2023-02-20T11:13:31 IST" duration-ms="0" status="PASS">
          <reporter-output>
          </reporter-output>
        </test-method> <!-- clearPOMObjects -->
        <test-method is-config="true" signature="closeBrowser()[pri:0, instance:TestNG.TestNgClass_Spotify2@333291e3]" started-at="2023-02-20T11:13:35 IST" name="closeBrowser" finished-at="2023-02-20T11:13:37 IST" duration-ms="2347" status="PASS">
          <reporter-output>
          </reporter-output>
        </test-method> <!-- closeBrowser -->
        <test-method is-config="true" signature="afterSuite()[pri:0, instance:TestNG.TestNgClass_Spotify2@333291e3]" started-at="2023-02-20T11:13:37 IST" name="afterSuite" finished-at="2023-02-20T11:13:37 IST" duration-ms="1" status="PASS">
          <reporter-output>
          </reporter-output>
        </test-method> <!-- afterSuite -->
      </class> <!-- TestNG.TestNgClass_Spotify2 -->
    </test> <!-- FirefoxTest -->
  </suite> <!-- Spotify123 -->
</testng-results>
